[2023-12-27-08:19:14][COMPULSORY][CONFIG][SUCCESS] Init config for task_111 success!
[2023-12-27-08:19:14][INFO][Algorithm][ERROR][TIME_OUT][cmd: cd /home/zhouchen/test_client/PbO-CCSAT-master/PbO-CCSAT_object_oriented_version_source_code &&python wrapper.py -seed 1 -instance /home/zhouchen/test_client/instances/bin3.cnf -cutoff_time 40] run default cmd success!
[2023-12-27-08:19:16][COMPULSORY][Algorithm][SUCCESS][cmd: cd /home/zhouchen/test_client/PbO-CCSAT-master/PbO-CCSAT_object_oriented_version_source_code &&python wrapper.py -seed 1 -instance /home/zhouchen/test_client/instances/bin3.cnf -cutoff_time 40 ][score:1.0] 
[2023-12-27-08:19:16][COMPULSORY][Algorithm][SUCCESS][cmd: cd /home/zhouchen/test_client/PbO-CCSAT-master/PbO-CCSAT_object_oriented_version_source_code &&python wrapper.py -seed 1 -instance /home/zhouchen/test_client/instances/bin1.cnf -cutoff_time 40 ][score:1.0] 
[2023-12-27-08:19:16][COMPULSORY][Algorithm][SUCCESS][cmd: cd /home/zhouchen/test_client/PbO-CCSAT-master/PbO-CCSAT_object_oriented_version_source_code &&python wrapper.py -seed 1 -instance /home/zhouchen/test_client/instances/bin2.cnf -cutoff_time 40 ][score:1.0] 
[2023-12-27-08:19:16][COMPULSORY][Algorithm][SUCCESS][cmd: cd /home/zhouchen/test_client/PbO-CCSAT-master/PbO-CCSAT_object_oriented_version_source_code &&python wrapper.py -seed 1 -instance /home/zhouchen/test_client/instances/eq1.cnf -cutoff_time 40 ][score:1.0] 
[2023-12-27-08:19:16][COMPULSORY][Algorithm][SUCCESS][cmd: cd /home/zhouchen/test_client/PbO-CCSAT-master/PbO-CCSAT_object_oriented_version_source_code &&python wrapper.py -seed 1 -instance /home/zhouchen/test_client/instances/true.cnf -cutoff_time 40 ][score:1.0] 
[2023-12-27-08:19:16][COMPULSORY][Algorithm][SUCCESS][cmd: cd /home/zhouchen/test_client/PbO-CCSAT-master/PbO-CCSAT_object_oriented_version_source_code &&python wrapper.py -seed 417 -instance /home/zhouchen/test_client/instances/bin3.cnf -cutoff_time 40 ][score:1.0] 
[2023-12-27-08:19:16][COMPULSORY][Algorithm][SUCCESS][cmd: cd /home/zhouchen/test_client/PbO-CCSAT-master/PbO-CCSAT_object_oriented_version_source_code &&python wrapper.py -seed 417 -instance /home/zhouchen/test_client/instances/bin1.cnf -cutoff_time 40 ][score:1.0] 
[2023-12-27-08:19:16][COMPULSORY][Algorithm][SUCCESS][cmd: cd /home/zhouchen/test_client/PbO-CCSAT-master/PbO-CCSAT_object_oriented_version_source_code &&python wrapper.py -seed 417 -instance /home/zhouchen/test_client/instances/bin2.cnf -cutoff_time 40 ][score:1.0] 
[2023-12-27-08:19:16][COMPULSORY][Algorithm][SUCCESS][cmd: cd /home/zhouchen/test_client/PbO-CCSAT-master/PbO-CCSAT_object_oriented_version_source_code &&python wrapper.py -seed 417 -instance /home/zhouchen/test_client/instances/eq1.cnf -cutoff_time 40 ][score:1.0] 
[2023-12-27-08:19:16][COMPULSORY][Algorithm][SUCCESS][cmd: cd /home/zhouchen/test_client/PbO-CCSAT-master/PbO-CCSAT_object_oriented_version_source_code &&python wrapper.py -seed 417 -instance /home/zhouchen/test_client/instances/true.cnf -cutoff_time 40 ][score:1.0] 
[2023-12-27-08:19:17][COMPULSORY][Algorithm][SUCCESS][cmd: cd /home/zhouchen/test_client/PbO-CCSAT-master/PbO-CCSAT_object_oriented_version_source_code &&python wrapper.py -seed 988 -instance /home/zhouchen/test_client/instances/bin3.cnf -cutoff_time 40 ][score:1.0] 
[2023-12-27-08:19:17][COMPULSORY][Algorithm][SUCCESS][cmd: cd /home/zhouchen/test_client/PbO-CCSAT-master/PbO-CCSAT_object_oriented_version_source_code &&python wrapper.py -seed 988 -instance /home/zhouchen/test_client/instances/bin1.cnf -cutoff_time 40 ][score:1.0] 
[2023-12-27-08:19:17][COMPULSORY][Algorithm][SUCCESS][cmd: cd /home/zhouchen/test_client/PbO-CCSAT-master/PbO-CCSAT_object_oriented_version_source_code &&python wrapper.py -seed 988 -instance /home/zhouchen/test_client/instances/bin2.cnf -cutoff_time 40 ][score:1.0] 
[2023-12-27-08:19:17][COMPULSORY][Algorithm][SUCCESS][cmd: cd /home/zhouchen/test_client/PbO-CCSAT-master/PbO-CCSAT_object_oriented_version_source_code &&python wrapper.py -seed 988 -instance /home/zhouchen/test_client/instances/eq1.cnf -cutoff_time 40 ][score:1.0] 
[2023-12-27-08:19:17][COMPULSORY][Algorithm][SUCCESS][cmd: cd /home/zhouchen/test_client/PbO-CCSAT-master/PbO-CCSAT_object_oriented_version_source_code &&python wrapper.py -seed 988 -instance /home/zhouchen/test_client/instances/true.cnf -cutoff_time 40 ][score:1.0] 
[2023-12-27-08:19:17][COMPULSORY][Algorithm][SUCCESS][cmd: cd /home/zhouchen/test_client/PbO-CCSAT-master/PbO-CCSAT_object_oriented_version_source_code &&python wrapper.py -seed 0 -instance /home/zhouchen/test_client/instances/bin3.cnf -cutoff_time 40 ][score:1.0] 
[2023-12-27-08:19:17][COMPULSORY][Algorithm][SUCCESS][cmd: cd /home/zhouchen/test_client/PbO-CCSAT-master/PbO-CCSAT_object_oriented_version_source_code &&python wrapper.py -seed 0 -instance /home/zhouchen/test_client/instances/bin1.cnf -cutoff_time 40 ][score:1.0] 
[2023-12-27-08:19:17][COMPULSORY][Algorithm][SUCCESS][cmd: cd /home/zhouchen/test_client/PbO-CCSAT-master/PbO-CCSAT_object_oriented_version_source_code &&python wrapper.py -seed 0 -instance /home/zhouchen/test_client/instances/bin2.cnf -cutoff_time 40 ][score:1.0] 
[2023-12-27-08:19:17][COMPULSORY][Algorithm][SUCCESS][cmd: cd /home/zhouchen/test_client/PbO-CCSAT-master/PbO-CCSAT_object_oriented_version_source_code &&python wrapper.py -seed 0 -instance /home/zhouchen/test_client/instances/eq1.cnf -cutoff_time 40 ][score:1.0] 
[2023-12-27-08:19:17][COMPULSORY][Algorithm][SUCCESS][cmd: cd /home/zhouchen/test_client/PbO-CCSAT-master/PbO-CCSAT_object_oriented_version_source_code &&python wrapper.py -seed 0 -instance /home/zhouchen/test_client/instances/true.cnf -cutoff_time 40 ][score:1.0] 
[2023-12-27-08:19:17][COMPULSORY][Algorithm][SUCCESS][cmd: cd /home/zhouchen/test_client/PbO-CCSAT-master/PbO-CCSAT_object_oriented_version_source_code &&python wrapper.py -seed 699 -instance /home/zhouchen/test_client/instances/bin3.cnf -cutoff_time 40 ][score:1.0] 
[2023-12-27-08:19:17][COMPULSORY][Algorithm][SUCCESS][cmd: cd /home/zhouchen/test_client/PbO-CCSAT-master/PbO-CCSAT_object_oriented_version_source_code &&python wrapper.py -seed 699 -instance /home/zhouchen/test_client/instances/bin1.cnf -cutoff_time 40 ][score:1.0] 
[2023-12-27-08:19:17][COMPULSORY][Algorithm][SUCCESS][cmd: cd /home/zhouchen/test_client/PbO-CCSAT-master/PbO-CCSAT_object_oriented_version_source_code &&python wrapper.py -seed 699 -instance /home/zhouchen/test_client/instances/bin2.cnf -cutoff_time 40 ][score:1.0] 
[2023-12-27-08:19:17][COMPULSORY][Algorithm][SUCCESS][cmd: cd /home/zhouchen/test_client/PbO-CCSAT-master/PbO-CCSAT_object_oriented_version_source_code &&python wrapper.py -seed 699 -instance /home/zhouchen/test_client/instances/eq1.cnf -cutoff_time 40 ][score:1.0] 
[2023-12-27-08:19:18][COMPULSORY][Algorithm][SUCCESS][cmd: cd /home/zhouchen/test_client/PbO-CCSAT-master/PbO-CCSAT_object_oriented_version_source_code &&python wrapper.py -seed 699 -instance /home/zhouchen/test_client/instances/true.cnf -cutoff_time 40 ][score:1.0] 
[2023-12-27-08:19:18][COMPULSORY][Algorithm][SUCCESS][cmd: cd /home/zhouchen/test_client/PbO-CCSAT-master/PbO-CCSAT_object_oriented_version_source_code &&python wrapper.py -seed 211 -instance /home/zhouchen/test_client/instances/bin3.cnf -cutoff_time 40 ][score:1.0] 
[2023-12-27-08:19:18][COMPULSORY][Algorithm][SUCCESS][cmd: cd /home/zhouchen/test_client/PbO-CCSAT-master/PbO-CCSAT_object_oriented_version_source_code &&python wrapper.py -seed 211 -instance /home/zhouchen/test_client/instances/bin1.cnf -cutoff_time 40 ][score:1.0] 
[2023-12-27-08:19:18][COMPULSORY][Algorithm][SUCCESS][cmd: cd /home/zhouchen/test_client/PbO-CCSAT-master/PbO-CCSAT_object_oriented_version_source_code &&python wrapper.py -seed 211 -instance /home/zhouchen/test_client/instances/bin2.cnf -cutoff_time 40 ][score:1.0] 
[2023-12-27-08:19:18][COMPULSORY][Algorithm][SUCCESS][cmd: cd /home/zhouchen/test_client/PbO-CCSAT-master/PbO-CCSAT_object_oriented_version_source_code &&python wrapper.py -seed 211 -instance /home/zhouchen/test_client/instances/eq1.cnf -cutoff_time 40 ][score:1.0] 
[2023-12-27-08:19:18][COMPULSORY][Algorithm][SUCCESS][cmd: cd /home/zhouchen/test_client/PbO-CCSAT-master/PbO-CCSAT_object_oriented_version_source_code &&python wrapper.py -seed 211 -instance /home/zhouchen/test_client/instances/true.cnf -cutoff_time 40 ][score:1.0] 
[2023-12-27-08:19:18][COMPULSORY][Algorithm][SUCCESS][cmd: cd /home/zhouchen/test_client/PbO-CCSAT-master/PbO-CCSAT_object_oriented_version_source_code &&python wrapper.py -seed 558 -instance /home/zhouchen/test_client/instances/bin3.cnf -cutoff_time 40 ][score:1.0] 
[2023-12-27-08:19:18][COMPULSORY][Algorithm][SUCCESS][cmd: cd /home/zhouchen/test_client/PbO-CCSAT-master/PbO-CCSAT_object_oriented_version_source_code &&python wrapper.py -seed 558 -instance /home/zhouchen/test_client/instances/bin1.cnf -cutoff_time 40 ][score:1.0] 
[2023-12-27-08:19:18][COMPULSORY][Algorithm][SUCCESS][cmd: cd /home/zhouchen/test_client/PbO-CCSAT-master/PbO-CCSAT_object_oriented_version_source_code &&python wrapper.py -seed 558 -instance /home/zhouchen/test_client/instances/bin2.cnf -cutoff_time 40 ][score:1.0] 
[2023-12-27-08:19:18][COMPULSORY][Algorithm][SUCCESS][cmd: cd /home/zhouchen/test_client/PbO-CCSAT-master/PbO-CCSAT_object_oriented_version_source_code &&python wrapper.py -seed 558 -instance /home/zhouchen/test_client/instances/eq1.cnf -cutoff_time 40 ][score:1.0] 
[2023-12-27-08:19:18][COMPULSORY][Algorithm][SUCCESS][cmd: cd /home/zhouchen/test_client/PbO-CCSAT-master/PbO-CCSAT_object_oriented_version_source_code &&python wrapper.py -seed 558 -instance /home/zhouchen/test_client/instances/true.cnf -cutoff_time 40 ][score:1.0] 
[2023-12-27-08:19:18][COMPULSORY][Algorithm][SUCCESS][cmd: cd /home/zhouchen/test_client/PbO-CCSAT-master/PbO-CCSAT_object_oriented_version_source_code &&python wrapper.py -seed 834 -instance /home/zhouchen/test_client/instances/bin3.cnf -cutoff_time 40 ][score:1.0] 
[2023-12-27-08:19:18][COMPULSORY][Algorithm][SUCCESS][cmd: cd /home/zhouchen/test_client/PbO-CCSAT-master/PbO-CCSAT_object_oriented_version_source_code &&python wrapper.py -seed 834 -instance /home/zhouchen/test_client/instances/bin1.cnf -cutoff_time 40 ][score:1.0] 
[2023-12-27-08:19:18][COMPULSORY][Algorithm][SUCCESS][cmd: cd /home/zhouchen/test_client/PbO-CCSAT-master/PbO-CCSAT_object_oriented_version_source_code &&python wrapper.py -seed 834 -instance /home/zhouchen/test_client/instances/bin2.cnf -cutoff_time 40 ][score:1.0] 
[2023-12-27-08:19:18][COMPULSORY][Algorithm][SUCCESS][cmd: cd /home/zhouchen/test_client/PbO-CCSAT-master/PbO-CCSAT_object_oriented_version_source_code &&python wrapper.py -seed 834 -instance /home/zhouchen/test_client/instances/eq1.cnf -cutoff_time 40 ][score:1.0] 
[2023-12-27-08:19:19][COMPULSORY][Algorithm][SUCCESS][cmd: cd /home/zhouchen/test_client/PbO-CCSAT-master/PbO-CCSAT_object_oriented_version_source_code &&python wrapper.py -seed 834 -instance /home/zhouchen/test_client/instances/true.cnf -cutoff_time 40 ][score:1.0] 
[2023-12-27-08:19:19][COMPULSORY][Algorithm][SUCCESS][cmd: cd /home/zhouchen/test_client/PbO-CCSAT-master/PbO-CCSAT_object_oriented_version_source_code &&python wrapper.py -seed 103 -instance /home/zhouchen/test_client/instances/bin3.cnf -cutoff_time 40 ][score:1.0] 
[2023-12-27-08:19:19][COMPULSORY][Algorithm][SUCCESS][cmd: cd /home/zhouchen/test_client/PbO-CCSAT-master/PbO-CCSAT_object_oriented_version_source_code &&python wrapper.py -seed 103 -instance /home/zhouchen/test_client/instances/bin1.cnf -cutoff_time 40 ][score:1.0] 
[2023-12-27-08:19:19][COMPULSORY][Algorithm][SUCCESS][cmd: cd /home/zhouchen/test_client/PbO-CCSAT-master/PbO-CCSAT_object_oriented_version_source_code &&python wrapper.py -seed 103 -instance /home/zhouchen/test_client/instances/bin2.cnf -cutoff_time 40 ][score:1.0] 
[2023-12-27-08:19:19][COMPULSORY][Algorithm][SUCCESS][cmd: cd /home/zhouchen/test_client/PbO-CCSAT-master/PbO-CCSAT_object_oriented_version_source_code &&python wrapper.py -seed 103 -instance /home/zhouchen/test_client/instances/eq1.cnf -cutoff_time 40 ][score:1.0] 
[2023-12-27-08:19:19][COMPULSORY][Algorithm][SUCCESS][cmd: cd /home/zhouchen/test_client/PbO-CCSAT-master/PbO-CCSAT_object_oriented_version_source_code &&python wrapper.py -seed 103 -instance /home/zhouchen/test_client/instances/true.cnf -cutoff_time 40 ][score:1.0] 
[2023-12-27-08:19:19][COMPULSORY][Algorithm][SUCCESS][cmd: cd /home/zhouchen/test_client/PbO-CCSAT-master/PbO-CCSAT_object_oriented_version_source_code &&python wrapper.py -seed 313 -instance /home/zhouchen/test_client/instances/bin3.cnf -cutoff_time 40 ][score:1.0] 
[2023-12-27-08:19:19][COMPULSORY][Algorithm][SUCCESS][cmd: cd /home/zhouchen/test_client/PbO-CCSAT-master/PbO-CCSAT_object_oriented_version_source_code &&python wrapper.py -seed 313 -instance /home/zhouchen/test_client/instances/bin1.cnf -cutoff_time 40 ][score:1.0] 
[2023-12-27-08:19:19][COMPULSORY][Algorithm][SUCCESS][cmd: cd /home/zhouchen/test_client/PbO-CCSAT-master/PbO-CCSAT_object_oriented_version_source_code &&python wrapper.py -seed 313 -instance /home/zhouchen/test_client/instances/bin2.cnf -cutoff_time 40 ][score:1.0] 
[2023-12-27-08:19:19][COMPULSORY][Algorithm][SUCCESS][cmd: cd /home/zhouchen/test_client/PbO-CCSAT-master/PbO-CCSAT_object_oriented_version_source_code &&python wrapper.py -seed 313 -instance /home/zhouchen/test_client/instances/eq1.cnf -cutoff_time 40 ][score:1.0] 
[2023-12-27-08:19:19][COMPULSORY][Algorithm][SUCCESS][cmd: cd /home/zhouchen/test_client/PbO-CCSAT-master/PbO-CCSAT_object_oriented_version_source_code &&python wrapper.py -seed 313 -instance /home/zhouchen/test_client/instances/true.cnf -cutoff_time 40 ][score:1.0] 
[2023-12-27-08:19:19][COMPULSORY][Algorithm][SUCCESS][cmd: cd /home/zhouchen/test_client/PbO-CCSAT-master/PbO-CCSAT_object_oriented_version_source_code &&python wrapper.py -seed 908 -instance /home/zhouchen/test_client/instances/bin3.cnf -cutoff_time 40 ][score:1.0] 
[2023-12-27-08:19:19][COMPULSORY][Algorithm][SUCCESS][cmd: cd /home/zhouchen/test_client/PbO-CCSAT-master/PbO-CCSAT_object_oriented_version_source_code &&python wrapper.py -seed 908 -instance /home/zhouchen/test_client/instances/bin1.cnf -cutoff_time 40 ][score:1.0] 
[2023-12-27-08:19:19][COMPULSORY][Algorithm][SUCCESS][cmd: cd /home/zhouchen/test_client/PbO-CCSAT-master/PbO-CCSAT_object_oriented_version_source_code &&python wrapper.py -seed 908 -instance /home/zhouchen/test_client/instances/bin2.cnf -cutoff_time 40 ][score:1.0] 
[2023-12-27-08:19:20][COMPULSORY][Algorithm][SUCCESS][cmd: cd /home/zhouchen/test_client/PbO-CCSAT-master/PbO-CCSAT_object_oriented_version_source_code &&python wrapper.py -seed 908 -instance /home/zhouchen/test_client/instances/eq1.cnf -cutoff_time 40 ][score:1.0] 
[2023-12-27-08:19:20][COMPULSORY][Algorithm][SUCCESS][cmd: cd /home/zhouchen/test_client/PbO-CCSAT-master/PbO-CCSAT_object_oriented_version_source_code &&python wrapper.py -seed 908 -instance /home/zhouchen/test_client/instances/true.cnf -cutoff_time 40 ][score:1.0] 
[2023-12-27-08:19:21][COMPULSORY][Algorithm][SUCCESS][cmd: cd /home/zhouchen/test_client/PbO-CCSAT-master/PbO-CCSAT_object_oriented_version_source_code &&python wrapper.py -seed 326 -instance /home/zhouchen/test_client/instances/bin3.cnf -cutoff_time 40 ][score:1.0] 
[2023-12-27-08:19:21][COMPULSORY][Algorithm][SUCCESS][cmd: cd /home/zhouchen/test_client/PbO-CCSAT-master/PbO-CCSAT_object_oriented_version_source_code &&python wrapper.py -seed 326 -instance /home/zhouchen/test_client/instances/bin1.cnf -cutoff_time 40 ][score:1.0] 
[2023-12-27-08:19:21][COMPULSORY][Algorithm][SUCCESS][cmd: cd /home/zhouchen/test_client/PbO-CCSAT-master/PbO-CCSAT_object_oriented_version_source_code &&python wrapper.py -seed 326 -instance /home/zhouchen/test_client/instances/bin2.cnf -cutoff_time 40 ][score:1.0] 
[2023-12-27-08:19:21][COMPULSORY][Algorithm][SUCCESS][cmd: cd /home/zhouchen/test_client/PbO-CCSAT-master/PbO-CCSAT_object_oriented_version_source_code &&python wrapper.py -seed 326 -instance /home/zhouchen/test_client/instances/eq1.cnf -cutoff_time 40 ][score:1.0] 
[2023-12-27-08:19:21][COMPULSORY][Algorithm][SUCCESS][cmd: cd /home/zhouchen/test_client/PbO-CCSAT-master/PbO-CCSAT_object_oriented_version_source_code &&python wrapper.py -seed 326 -instance /home/zhouchen/test_client/instances/true.cnf -cutoff_time 40 ][score:1.0] 
[2023-12-27-08:19:22][COMPULSORY][Algorithm][SUCCESS][cmd: cd /home/zhouchen/test_client/PbO-CCSAT-master/PbO-CCSAT_object_oriented_version_source_code &&python wrapper.py -seed 950 -instance /home/zhouchen/test_client/instances/bin3.cnf -cutoff_time 40 ][score:1.0] 
[2023-12-27-08:19:22][COMPULSORY][Algorithm][SUCCESS][cmd: cd /home/zhouchen/test_client/PbO-CCSAT-master/PbO-CCSAT_object_oriented_version_source_code &&python wrapper.py -seed 950 -instance /home/zhouchen/test_client/instances/bin1.cnf -cutoff_time 40 ][score:1.0] 
[2023-12-27-08:19:22][COMPULSORY][Algorithm][SUCCESS][cmd: cd /home/zhouchen/test_client/PbO-CCSAT-master/PbO-CCSAT_object_oriented_version_source_code &&python wrapper.py -seed 950 -instance /home/zhouchen/test_client/instances/bin2.cnf -cutoff_time 40 ][score:1.0] 
[2023-12-27-08:19:22][COMPULSORY][Algorithm][SUCCESS][cmd: cd /home/zhouchen/test_client/PbO-CCSAT-master/PbO-CCSAT_object_oriented_version_source_code &&python wrapper.py -seed 950 -instance /home/zhouchen/test_client/instances/eq1.cnf -cutoff_time 40 ][score:1.0] 
[2023-12-27-08:19:22][COMPULSORY][Algorithm][SUCCESS][cmd: cd /home/zhouchen/test_client/PbO-CCSAT-master/PbO-CCSAT_object_oriented_version_source_code &&python wrapper.py -seed 950 -instance /home/zhouchen/test_client/instances/true.cnf -cutoff_time 40 ][score:1.0] 
[2023-12-27-08:19:23][COMPULSORY][Algorithm][SUCCESS][cmd: cd /home/zhouchen/test_client/PbO-CCSAT-master/PbO-CCSAT_object_oriented_version_source_code &&python wrapper.py -seed 811 -instance /home/zhouchen/test_client/instances/bin3.cnf -cutoff_time 40 ][score:1.0] 
[2023-12-27-08:19:23][COMPULSORY][Algorithm][SUCCESS][cmd: cd /home/zhouchen/test_client/PbO-CCSAT-master/PbO-CCSAT_object_oriented_version_source_code &&python wrapper.py -seed 811 -instance /home/zhouchen/test_client/instances/bin1.cnf -cutoff_time 40 ][score:1.0] 
[2023-12-27-08:19:23][COMPULSORY][Algorithm][SUCCESS][cmd: cd /home/zhouchen/test_client/PbO-CCSAT-master/PbO-CCSAT_object_oriented_version_source_code &&python wrapper.py -seed 811 -instance /home/zhouchen/test_client/instances/bin2.cnf -cutoff_time 40 ][score:1.0] 
[2023-12-27-08:19:23][COMPULSORY][Algorithm][SUCCESS][cmd: cd /home/zhouchen/test_client/PbO-CCSAT-master/PbO-CCSAT_object_oriented_version_source_code &&python wrapper.py -seed 811 -instance /home/zhouchen/test_client/instances/eq1.cnf -cutoff_time 40 ][score:1.0] 
[2023-12-27-08:19:23][COMPULSORY][Algorithm][SUCCESS][cmd: cd /home/zhouchen/test_client/PbO-CCSAT-master/PbO-CCSAT_object_oriented_version_source_code &&python wrapper.py -seed 811 -instance /home/zhouchen/test_client/instances/true.cnf -cutoff_time 40 ][score:1.0] 
[2023-12-27-08:19:24][COMPULSORY][Algorithm][SUCCESS][cmd: cd /home/zhouchen/test_client/PbO-CCSAT-master/PbO-CCSAT_object_oriented_version_source_code &&python wrapper.py -seed 959 -instance /home/zhouchen/test_client/instances/bin3.cnf -cutoff_time 40 ][score:1.0] 
[2023-12-27-08:19:24][COMPULSORY][Algorithm][SUCCESS][cmd: cd /home/zhouchen/test_client/PbO-CCSAT-master/PbO-CCSAT_object_oriented_version_source_code &&python wrapper.py -seed 959 -instance /home/zhouchen/test_client/instances/bin1.cnf -cutoff_time 40 ][score:1.0] 
[2023-12-27-08:19:24][COMPULSORY][Algorithm][SUCCESS][cmd: cd /home/zhouchen/test_client/PbO-CCSAT-master/PbO-CCSAT_object_oriented_version_source_code &&python wrapper.py -seed 959 -instance /home/zhouchen/test_client/instances/bin2.cnf -cutoff_time 40 ][score:1.0] 
[2023-12-27-08:19:24][COMPULSORY][Algorithm][SUCCESS][cmd: cd /home/zhouchen/test_client/PbO-CCSAT-master/PbO-CCSAT_object_oriented_version_source_code &&python wrapper.py -seed 959 -instance /home/zhouchen/test_client/instances/eq1.cnf -cutoff_time 40 ][score:1.0] 
[2023-12-27-08:19:24][COMPULSORY][Algorithm][SUCCESS][cmd: cd /home/zhouchen/test_client/PbO-CCSAT-master/PbO-CCSAT_object_oriented_version_source_code &&python wrapper.py -seed 959 -instance /home/zhouchen/test_client/instances/true.cnf -cutoff_time 40 ][score:1.0] 
[2023-12-27-08:19:25][COMPULSORY][Algorithm][SUCCESS][cmd: cd /home/zhouchen/test_client/PbO-CCSAT-master/PbO-CCSAT_object_oriented_version_source_code &&python wrapper.py -seed 87 -instance /home/zhouchen/test_client/instances/bin3.cnf -cutoff_time 40 ][score:1.0] 
[2023-12-27-08:19:25][COMPULSORY][Algorithm][SUCCESS][cmd: cd /home/zhouchen/test_client/PbO-CCSAT-master/PbO-CCSAT_object_oriented_version_source_code &&python wrapper.py -seed 87 -instance /home/zhouchen/test_client/instances/bin1.cnf -cutoff_time 40 ][score:1.0] 
[2023-12-27-08:19:25][COMPULSORY][Algorithm][SUCCESS][cmd: cd /home/zhouchen/test_client/PbO-CCSAT-master/PbO-CCSAT_object_oriented_version_source_code &&python wrapper.py -seed 87 -instance /home/zhouchen/test_client/instances/bin2.cnf -cutoff_time 40 ][score:1.0] 
[2023-12-27-08:19:25][COMPULSORY][Algorithm][SUCCESS][cmd: cd /home/zhouchen/test_client/PbO-CCSAT-master/PbO-CCSAT_object_oriented_version_source_code &&python wrapper.py -seed 87 -instance /home/zhouchen/test_client/instances/eq1.cnf -cutoff_time 40 ][score:1.0] 
[2023-12-27-08:19:25][COMPULSORY][Algorithm][SUCCESS][cmd: cd /home/zhouchen/test_client/PbO-CCSAT-master/PbO-CCSAT_object_oriented_version_source_code &&python wrapper.py -seed 87 -instance /home/zhouchen/test_client/instances/true.cnf -cutoff_time 40 ][score:1.0] 
[2023-12-27-08:19:26][COMPULSORY][Algorithm][SUCCESS][cmd: cd /home/zhouchen/test_client/PbO-CCSAT-master/PbO-CCSAT_object_oriented_version_source_code &&python wrapper.py -seed 674 -instance /home/zhouchen/test_client/instances/bin3.cnf -cutoff_time 40 ][score:1.0] 
[2023-12-27-08:19:26][COMPULSORY][Algorithm][SUCCESS][cmd: cd /home/zhouchen/test_client/PbO-CCSAT-master/PbO-CCSAT_object_oriented_version_source_code &&python wrapper.py -seed 674 -instance /home/zhouchen/test_client/instances/bin1.cnf -cutoff_time 40 ][score:1.0] 
[2023-12-27-08:19:26][COMPULSORY][Algorithm][SUCCESS][cmd: cd /home/zhouchen/test_client/PbO-CCSAT-master/PbO-CCSAT_object_oriented_version_source_code &&python wrapper.py -seed 674 -instance /home/zhouchen/test_client/instances/bin2.cnf -cutoff_time 40 ][score:1.0] 
[2023-12-27-08:19:26][COMPULSORY][Algorithm][SUCCESS][cmd: cd /home/zhouchen/test_client/PbO-CCSAT-master/PbO-CCSAT_object_oriented_version_source_code &&python wrapper.py -seed 674 -instance /home/zhouchen/test_client/instances/eq1.cnf -cutoff_time 40 ][score:1.0] 
[2023-12-27-08:19:26][COMPULSORY][Algorithm][SUCCESS][cmd: cd /home/zhouchen/test_client/PbO-CCSAT-master/PbO-CCSAT_object_oriented_version_source_code &&python wrapper.py -seed 674 -instance /home/zhouchen/test_client/instances/true.cnf -cutoff_time 40 ][score:1.0] 
[2023-12-27-08:19:27][COMPULSORY][Algorithm][SUCCESS][cmd: cd /home/zhouchen/test_client/PbO-CCSAT-master/PbO-CCSAT_object_oriented_version_source_code &&python wrapper.py -seed 138 -instance /home/zhouchen/test_client/instances/bin3.cnf -cutoff_time 40 ][score:1.0] 
[2023-12-27-08:19:27][COMPULSORY][Algorithm][SUCCESS][cmd: cd /home/zhouchen/test_client/PbO-CCSAT-master/PbO-CCSAT_object_oriented_version_source_code &&python wrapper.py -seed 138 -instance /home/zhouchen/test_client/instances/bin1.cnf -cutoff_time 40 ][score:1.0] 
[2023-12-27-08:19:27][COMPULSORY][Algorithm][SUCCESS][cmd: cd /home/zhouchen/test_client/PbO-CCSAT-master/PbO-CCSAT_object_oriented_version_source_code &&python wrapper.py -seed 138 -instance /home/zhouchen/test_client/instances/bin2.cnf -cutoff_time 40 ][score:1.0] 
[2023-12-27-08:19:27][COMPULSORY][Algorithm][SUCCESS][cmd: cd /home/zhouchen/test_client/PbO-CCSAT-master/PbO-CCSAT_object_oriented_version_source_code &&python wrapper.py -seed 138 -instance /home/zhouchen/test_client/instances/eq1.cnf -cutoff_time 40 ][score:1.0] 
[2023-12-27-08:19:27][COMPULSORY][Algorithm][SUCCESS][cmd: cd /home/zhouchen/test_client/PbO-CCSAT-master/PbO-CCSAT_object_oriented_version_source_code &&python wrapper.py -seed 138 -instance /home/zhouchen/test_client/instances/true.cnf -cutoff_time 40 ][score:1.0] 
[2023-12-27-08:19:28][COMPULSORY][Algorithm][SUCCESS][cmd: cd /home/zhouchen/test_client/PbO-CCSAT-master/PbO-CCSAT_object_oriented_version_source_code &&python wrapper.py -seed 888 -instance /home/zhouchen/test_client/instances/bin3.cnf -cutoff_time 40 ][score:1.0] 
[2023-12-27-08:19:28][COMPULSORY][Algorithm][SUCCESS][cmd: cd /home/zhouchen/test_client/PbO-CCSAT-master/PbO-CCSAT_object_oriented_version_source_code &&python wrapper.py -seed 888 -instance /home/zhouchen/test_client/instances/bin1.cnf -cutoff_time 40 ][score:1.0] 
[2023-12-27-08:19:28][COMPULSORY][Algorithm][SUCCESS][cmd: cd /home/zhouchen/test_client/PbO-CCSAT-master/PbO-CCSAT_object_oriented_version_source_code &&python wrapper.py -seed 888 -instance /home/zhouchen/test_client/instances/bin2.cnf -cutoff_time 40 ][score:1.0] 
[2023-12-27-08:19:28][COMPULSORY][Algorithm][SUCCESS][cmd: cd /home/zhouchen/test_client/PbO-CCSAT-master/PbO-CCSAT_object_oriented_version_source_code &&python wrapper.py -seed 888 -instance /home/zhouchen/test_client/instances/eq1.cnf -cutoff_time 40 ][score:1.0] 
[2023-12-27-08:19:28][COMPULSORY][Algorithm][SUCCESS][cmd: cd /home/zhouchen/test_client/PbO-CCSAT-master/PbO-CCSAT_object_oriented_version_source_code &&python wrapper.py -seed 888 -instance /home/zhouchen/test_client/instances/true.cnf -cutoff_time 40 ][score:1.0] 
[2023-12-27-08:19:29][COMPULSORY][Algorithm][SUCCESS][cmd: cd /home/zhouchen/test_client/PbO-CCSAT-master/PbO-CCSAT_object_oriented_version_source_code &&python wrapper.py -seed 245 -instance /home/zhouchen/test_client/instances/bin3.cnf -cutoff_time 40 ][score:1.0] 
[2023-12-27-08:19:29][COMPULSORY][Algorithm][SUCCESS][cmd: cd /home/zhouchen/test_client/PbO-CCSAT-master/PbO-CCSAT_object_oriented_version_source_code &&python wrapper.py -seed 245 -instance /home/zhouchen/test_client/instances/bin1.cnf -cutoff_time 40 ][score:1.0] 
[2023-12-27-08:19:29][COMPULSORY][Algorithm][SUCCESS][cmd: cd /home/zhouchen/test_client/PbO-CCSAT-master/PbO-CCSAT_object_oriented_version_source_code &&python wrapper.py -seed 245 -instance /home/zhouchen/test_client/instances/bin2.cnf -cutoff_time 40 ][score:1.0] 
[2023-12-27-08:19:29][COMPULSORY][Algorithm][SUCCESS][cmd: cd /home/zhouchen/test_client/PbO-CCSAT-master/PbO-CCSAT_object_oriented_version_source_code &&python wrapper.py -seed 245 -instance /home/zhouchen/test_client/instances/eq1.cnf -cutoff_time 40 ][score:1.0] 
[2023-12-27-08:19:29][COMPULSORY][Algorithm][SUCCESS][cmd: cd /home/zhouchen/test_client/PbO-CCSAT-master/PbO-CCSAT_object_oriented_version_source_code &&python wrapper.py -seed 245 -instance /home/zhouchen/test_client/instances/true.cnf -cutoff_time 40 ][score:1.0] 
[2023-12-27-08:19:30][COMPULSORY][Algorithm][SUCCESS][cmd: cd /home/zhouchen/test_client/PbO-CCSAT-master/PbO-CCSAT_object_oriented_version_source_code &&python wrapper.py -seed 325 -instance /home/zhouchen/test_client/instances/bin3.cnf -cutoff_time 40 ][score:1.0] 
[2023-12-27-08:19:30][COMPULSORY][Algorithm][SUCCESS][cmd: cd /home/zhouchen/test_client/PbO-CCSAT-master/PbO-CCSAT_object_oriented_version_source_code &&python wrapper.py -seed 325 -instance /home/zhouchen/test_client/instances/bin1.cnf -cutoff_time 40 ][score:1.0] 
[2023-12-27-08:19:30][COMPULSORY][Algorithm][SUCCESS][cmd: cd /home/zhouchen/test_client/PbO-CCSAT-master/PbO-CCSAT_object_oriented_version_source_code &&python wrapper.py -seed 325 -instance /home/zhouchen/test_client/instances/bin2.cnf -cutoff_time 40 ][score:1.0] 
[2023-12-27-08:19:30][COMPULSORY][Algorithm][SUCCESS][cmd: cd /home/zhouchen/test_client/PbO-CCSAT-master/PbO-CCSAT_object_oriented_version_source_code &&python wrapper.py -seed 325 -instance /home/zhouchen/test_client/instances/eq1.cnf -cutoff_time 40 ][score:1.0] 
[2023-12-27-08:19:30][COMPULSORY][Algorithm][SUCCESS][cmd: cd /home/zhouchen/test_client/PbO-CCSAT-master/PbO-CCSAT_object_oriented_version_source_code &&python wrapper.py -seed 325 -instance /home/zhouchen/test_client/instances/true.cnf -cutoff_time 40 ][score:1.0] 
[2023-12-27-08:19:31][COMPULSORY][Algorithm][SUCCESS][cmd: cd /home/zhouchen/test_client/PbO-CCSAT-master/PbO-CCSAT_object_oriented_version_source_code &&python wrapper.py -seed 192 -instance /home/zhouchen/test_client/instances/bin3.cnf -cutoff_time 40 ][score:1.0] 
[2023-12-27-08:19:31][COMPULSORY][Algorithm][SUCCESS][cmd: cd /home/zhouchen/test_client/PbO-CCSAT-master/PbO-CCSAT_object_oriented_version_source_code &&python wrapper.py -seed 192 -instance /home/zhouchen/test_client/instances/bin1.cnf -cutoff_time 40 ][score:1.0] 
[2023-12-27-08:19:31][COMPULSORY][Algorithm][SUCCESS][cmd: cd /home/zhouchen/test_client/PbO-CCSAT-master/PbO-CCSAT_object_oriented_version_source_code &&python wrapper.py -seed 192 -instance /home/zhouchen/test_client/instances/bin2.cnf -cutoff_time 40 ][score:1.0] 
[2023-12-27-08:19:31][COMPULSORY][Algorithm][SUCCESS][cmd: cd /home/zhouchen/test_client/PbO-CCSAT-master/PbO-CCSAT_object_oriented_version_source_code &&python wrapper.py -seed 192 -instance /home/zhouchen/test_client/instances/eq1.cnf -cutoff_time 40 ][score:1.0] 
[2023-12-27-08:19:31][COMPULSORY][Algorithm][SUCCESS][cmd: cd /home/zhouchen/test_client/PbO-CCSAT-master/PbO-CCSAT_object_oriented_version_source_code &&python wrapper.py -seed 192 -instance /home/zhouchen/test_client/instances/true.cnf -cutoff_time 40 ][score:1.0] 
[2023-12-27-08:19:32][COMPULSORY][Algorithm][SUCCESS][cmd: cd /home/zhouchen/test_client/PbO-CCSAT-master/PbO-CCSAT_object_oriented_version_source_code &&python wrapper.py -seed 821 -instance /home/zhouchen/test_client/instances/bin3.cnf -cutoff_time 40 ][score:1.0] 
[2023-12-27-08:19:32][COMPULSORY][Algorithm][SUCCESS][cmd: cd /home/zhouchen/test_client/PbO-CCSAT-master/PbO-CCSAT_object_oriented_version_source_code &&python wrapper.py -seed 821 -instance /home/zhouchen/test_client/instances/bin1.cnf -cutoff_time 40 ][score:1.0] 
[2023-12-27-08:19:32][COMPULSORY][Algorithm][SUCCESS][cmd: cd /home/zhouchen/test_client/PbO-CCSAT-master/PbO-CCSAT_object_oriented_version_source_code &&python wrapper.py -seed 821 -instance /home/zhouchen/test_client/instances/bin2.cnf -cutoff_time 40 ][score:1.0] 
[2023-12-27-08:19:32][COMPULSORY][Algorithm][SUCCESS][cmd: cd /home/zhouchen/test_client/PbO-CCSAT-master/PbO-CCSAT_object_oriented_version_source_code &&python wrapper.py -seed 821 -instance /home/zhouchen/test_client/instances/eq1.cnf -cutoff_time 40 ][score:1.0] 
[2023-12-27-08:19:33][COMPULSORY][Algorithm][SUCCESS][cmd: cd /home/zhouchen/test_client/PbO-CCSAT-master/PbO-CCSAT_object_oriented_version_source_code &&python wrapper.py -seed 821 -instance /home/zhouchen/test_client/instances/true.cnf -cutoff_time 40 ][score:1.0] 
[2023-12-27-08:19:34][COMPULSORY][Algorithm][SUCCESS][cmd: cd /home/zhouchen/test_client/PbO-CCSAT-master/PbO-CCSAT_object_oriented_version_source_code &&python wrapper.py -seed 537 -instance /home/zhouchen/test_client/instances/bin3.cnf -cutoff_time 40 ][score:1.0] 
[2023-12-27-08:19:34][COMPULSORY][Algorithm][SUCCESS][cmd: cd /home/zhouchen/test_client/PbO-CCSAT-master/PbO-CCSAT_object_oriented_version_source_code &&python wrapper.py -seed 537 -instance /home/zhouchen/test_client/instances/bin1.cnf -cutoff_time 40 ][score:1.0] 
[2023-12-27-08:19:34][COMPULSORY][Algorithm][SUCCESS][cmd: cd /home/zhouchen/test_client/PbO-CCSAT-master/PbO-CCSAT_object_oriented_version_source_code &&python wrapper.py -seed 537 -instance /home/zhouchen/test_client/instances/bin2.cnf -cutoff_time 40 ][score:1.0] 
[2023-12-27-08:19:34][COMPULSORY][Algorithm][SUCCESS][cmd: cd /home/zhouchen/test_client/PbO-CCSAT-master/PbO-CCSAT_object_oriented_version_source_code &&python wrapper.py -seed 537 -instance /home/zhouchen/test_client/instances/eq1.cnf -cutoff_time 40 ][score:1.0] 
[2023-12-27-08:19:34][COMPULSORY][Algorithm][SUCCESS][cmd: cd /home/zhouchen/test_client/PbO-CCSAT-master/PbO-CCSAT_object_oriented_version_source_code &&python wrapper.py -seed 537 -instance /home/zhouchen/test_client/instances/true.cnf -cutoff_time 40 ][score:1.0] 
[2023-12-27-08:19:34][COMPULSORY][Algorithm][SUCCESS][cmd: cd /home/zhouchen/test_client/PbO-CCSAT-master/PbO-CCSAT_object_oriented_version_source_code &&python wrapper.py -seed 518 -instance /home/zhouchen/test_client/instances/bin3.cnf -cutoff_time 40 ][score:1.0] 
[2023-12-27-08:19:34][COMPULSORY][Algorithm][SUCCESS][cmd: cd /home/zhouchen/test_client/PbO-CCSAT-master/PbO-CCSAT_object_oriented_version_source_code &&python wrapper.py -seed 518 -instance /home/zhouchen/test_client/instances/bin1.cnf -cutoff_time 40 ][score:1.0] 
[2023-12-27-08:19:34][COMPULSORY][Algorithm][SUCCESS][cmd: cd /home/zhouchen/test_client/PbO-CCSAT-master/PbO-CCSAT_object_oriented_version_source_code &&python wrapper.py -seed 518 -instance /home/zhouchen/test_client/instances/bin2.cnf -cutoff_time 40 ][score:1.0] 
[2023-12-27-08:19:35][COMPULSORY][Algorithm][SUCCESS][cmd: cd /home/zhouchen/test_client/PbO-CCSAT-master/PbO-CCSAT_object_oriented_version_source_code &&python wrapper.py -seed 518 -instance /home/zhouchen/test_client/instances/eq1.cnf -cutoff_time 40 ][score:1.0] 
[2023-12-27-08:19:35][COMPULSORY][Algorithm][SUCCESS][cmd: cd /home/zhouchen/test_client/PbO-CCSAT-master/PbO-CCSAT_object_oriented_version_source_code &&python wrapper.py -seed 518 -instance /home/zhouchen/test_client/instances/true.cnf -cutoff_time 40 ][score:1.0] 
[2023-12-27-08:19:37][COMPULSORY][Algorithm][SUCCESS][cmd: cd /home/zhouchen/test_client/PbO-CCSAT-master/PbO-CCSAT_object_oriented_version_source_code &&python wrapper.py -seed 989 -instance /home/zhouchen/test_client/instances/bin3.cnf -cutoff_time 40 ][score:1.0] 
[2023-12-27-08:19:37][COMPULSORY][Algorithm][SUCCESS][cmd: cd /home/zhouchen/test_client/PbO-CCSAT-master/PbO-CCSAT_object_oriented_version_source_code &&python wrapper.py -seed 989 -instance /home/zhouchen/test_client/instances/bin1.cnf -cutoff_time 40 ][score:1.0] 
[2023-12-27-08:19:37][COMPULSORY][Algorithm][SUCCESS][cmd: cd /home/zhouchen/test_client/PbO-CCSAT-master/PbO-CCSAT_object_oriented_version_source_code &&python wrapper.py -seed 989 -instance /home/zhouchen/test_client/instances/bin2.cnf -cutoff_time 40 ][score:1.0] 
[2023-12-27-08:19:37][COMPULSORY][Algorithm][SUCCESS][cmd: cd /home/zhouchen/test_client/PbO-CCSAT-master/PbO-CCSAT_object_oriented_version_source_code &&python wrapper.py -seed 989 -instance /home/zhouchen/test_client/instances/eq1.cnf -cutoff_time 40 ][score:1.0] 
[2023-12-27-08:19:37][COMPULSORY][Algorithm][SUCCESS][cmd: cd /home/zhouchen/test_client/PbO-CCSAT-master/PbO-CCSAT_object_oriented_version_source_code &&python wrapper.py -seed 989 -instance /home/zhouchen/test_client/instances/true.cnf -cutoff_time 40 ][score:1.0] 
[2023-12-27-08:19:38][COMPULSORY][Algorithm][SUCCESS][cmd: cd /home/zhouchen/test_client/PbO-CCSAT-master/PbO-CCSAT_object_oriented_version_source_code &&python wrapper.py -seed 1 -instance /home/zhouchen/test_client/instances/bin3.cnf -cutoff_time 40 ][score:1.0] 
[2023-12-27-08:19:38][COMPULSORY][Algorithm][SUCCESS][cmd: cd /home/zhouchen/test_client/PbO-CCSAT-master/PbO-CCSAT_object_oriented_version_source_code &&python wrapper.py -seed 1 -instance /home/zhouchen/test_client/instances/bin1.cnf -cutoff_time 40 ][score:1.0] 
[2023-12-27-08:19:38][COMPULSORY][Algorithm][SUCCESS][cmd: cd /home/zhouchen/test_client/PbO-CCSAT-master/PbO-CCSAT_object_oriented_version_source_code &&python wrapper.py -seed 1 -instance /home/zhouchen/test_client/instances/bin2.cnf -cutoff_time 40 ][score:1.0] 
[2023-12-27-08:19:38][COMPULSORY][Algorithm][SUCCESS][cmd: cd /home/zhouchen/test_client/PbO-CCSAT-master/PbO-CCSAT_object_oriented_version_source_code &&python wrapper.py -seed 1 -instance /home/zhouchen/test_client/instances/eq1.cnf -cutoff_time 40 ][score:1.0] 
[2023-12-27-08:19:38][COMPULSORY][Algorithm][SUCCESS][cmd: cd /home/zhouchen/test_client/PbO-CCSAT-master/PbO-CCSAT_object_oriented_version_source_code &&python wrapper.py -seed 1 -instance /home/zhouchen/test_client/instances/true.cnf -cutoff_time 40 ][score:1.0] 
[2023-12-27-08:19:39][COMPULSORY][Algorithm][SUCCESS][cmd: cd /home/zhouchen/test_client/PbO-CCSAT-master/PbO-CCSAT_object_oriented_version_source_code &&python wrapper.py -seed 257 -instance /home/zhouchen/test_client/instances/bin3.cnf -cutoff_time 40 ][score:1.0] 
[2023-12-27-08:19:39][COMPULSORY][Algorithm][SUCCESS][cmd: cd /home/zhouchen/test_client/PbO-CCSAT-master/PbO-CCSAT_object_oriented_version_source_code &&python wrapper.py -seed 257 -instance /home/zhouchen/test_client/instances/bin1.cnf -cutoff_time 40 ][score:1.0] 
[2023-12-27-08:19:39][COMPULSORY][Algorithm][SUCCESS][cmd: cd /home/zhouchen/test_client/PbO-CCSAT-master/PbO-CCSAT_object_oriented_version_source_code &&python wrapper.py -seed 257 -instance /home/zhouchen/test_client/instances/bin2.cnf -cutoff_time 40 ][score:1.0] 
[2023-12-27-08:19:39][COMPULSORY][Algorithm][SUCCESS][cmd: cd /home/zhouchen/test_client/PbO-CCSAT-master/PbO-CCSAT_object_oriented_version_source_code &&python wrapper.py -seed 257 -instance /home/zhouchen/test_client/instances/eq1.cnf -cutoff_time 40 ][score:1.0] 
[2023-12-27-08:19:39][COMPULSORY][Algorithm][SUCCESS][cmd: cd /home/zhouchen/test_client/PbO-CCSAT-master/PbO-CCSAT_object_oriented_version_source_code &&python wrapper.py -seed 257 -instance /home/zhouchen/test_client/instances/true.cnf -cutoff_time 40 ][score:1.0] 
[2023-12-27-08:19:40][COMPULSORY][Algorithm][SUCCESS][cmd: cd /home/zhouchen/test_client/PbO-CCSAT-master/PbO-CCSAT_object_oriented_version_source_code &&python wrapper.py -seed 977 -instance /home/zhouchen/test_client/instances/bin3.cnf -cutoff_time 40 ][score:1.0] 
[2023-12-27-08:19:40][COMPULSORY][Algorithm][SUCCESS][cmd: cd /home/zhouchen/test_client/PbO-CCSAT-master/PbO-CCSAT_object_oriented_version_source_code &&python wrapper.py -seed 977 -instance /home/zhouchen/test_client/instances/bin1.cnf -cutoff_time 40 ][score:1.0] 
[2023-12-27-08:19:40][COMPULSORY][Algorithm][SUCCESS][cmd: cd /home/zhouchen/test_client/PbO-CCSAT-master/PbO-CCSAT_object_oriented_version_source_code &&python wrapper.py -seed 977 -instance /home/zhouchen/test_client/instances/bin2.cnf -cutoff_time 40 ][score:1.0] 
[2023-12-27-08:19:40][COMPULSORY][Algorithm][SUCCESS][cmd: cd /home/zhouchen/test_client/PbO-CCSAT-master/PbO-CCSAT_object_oriented_version_source_code &&python wrapper.py -seed 977 -instance /home/zhouchen/test_client/instances/eq1.cnf -cutoff_time 40 ][score:1.0] 
[2023-12-27-08:19:40][COMPULSORY][Algorithm][SUCCESS][cmd: cd /home/zhouchen/test_client/PbO-CCSAT-master/PbO-CCSAT_object_oriented_version_source_code &&python wrapper.py -seed 977 -instance /home/zhouchen/test_client/instances/true.cnf -cutoff_time 40 ][score:1.0] 
[2023-12-27-08:19:41][COMPULSORY][Algorithm][SUCCESS][cmd: cd /home/zhouchen/test_client/PbO-CCSAT-master/PbO-CCSAT_object_oriented_version_source_code &&python wrapper.py -seed 188 -instance /home/zhouchen/test_client/instances/bin3.cnf -cutoff_time 40 ][score:1.0] 
[2023-12-27-08:19:41][COMPULSORY][Algorithm][SUCCESS][cmd: cd /home/zhouchen/test_client/PbO-CCSAT-master/PbO-CCSAT_object_oriented_version_source_code &&python wrapper.py -seed 188 -instance /home/zhouchen/test_client/instances/bin1.cnf -cutoff_time 40 ][score:1.0] 
[2023-12-27-08:19:41][COMPULSORY][Algorithm][SUCCESS][cmd: cd /home/zhouchen/test_client/PbO-CCSAT-master/PbO-CCSAT_object_oriented_version_source_code &&python wrapper.py -seed 188 -instance /home/zhouchen/test_client/instances/bin2.cnf -cutoff_time 40 ][score:1.0] 
[2023-12-27-08:19:41][COMPULSORY][Algorithm][SUCCESS][cmd: cd /home/zhouchen/test_client/PbO-CCSAT-master/PbO-CCSAT_object_oriented_version_source_code &&python wrapper.py -seed 188 -instance /home/zhouchen/test_client/instances/eq1.cnf -cutoff_time 40 ][score:1.0] 
[2023-12-27-08:19:41][COMPULSORY][Algorithm][SUCCESS][cmd: cd /home/zhouchen/test_client/PbO-CCSAT-master/PbO-CCSAT_object_oriented_version_source_code &&python wrapper.py -seed 188 -instance /home/zhouchen/test_client/instances/true.cnf -cutoff_time 40 ][score:1.0] 
[2023-12-27-08:19:42][COMPULSORY][Algorithm][SUCCESS][cmd: cd /home/zhouchen/test_client/PbO-CCSAT-master/PbO-CCSAT_object_oriented_version_source_code &&python wrapper.py -seed 576 -instance /home/zhouchen/test_client/instances/bin3.cnf -cutoff_time 40 ][score:1.0] 
[2023-12-27-08:19:42][COMPULSORY][Algorithm][SUCCESS][cmd: cd /home/zhouchen/test_client/PbO-CCSAT-master/PbO-CCSAT_object_oriented_version_source_code &&python wrapper.py -seed 576 -instance /home/zhouchen/test_client/instances/bin1.cnf -cutoff_time 40 ][score:1.0] 
[2023-12-27-08:19:42][COMPULSORY][Algorithm][SUCCESS][cmd: cd /home/zhouchen/test_client/PbO-CCSAT-master/PbO-CCSAT_object_oriented_version_source_code &&python wrapper.py -seed 576 -instance /home/zhouchen/test_client/instances/bin2.cnf -cutoff_time 40 ][score:1.0] 
[2023-12-27-08:19:42][COMPULSORY][Algorithm][SUCCESS][cmd: cd /home/zhouchen/test_client/PbO-CCSAT-master/PbO-CCSAT_object_oriented_version_source_code &&python wrapper.py -seed 576 -instance /home/zhouchen/test_client/instances/eq1.cnf -cutoff_time 40 ][score:1.0] 
[2023-12-27-08:19:42][COMPULSORY][Algorithm][SUCCESS][cmd: cd /home/zhouchen/test_client/PbO-CCSAT-master/PbO-CCSAT_object_oriented_version_source_code &&python wrapper.py -seed 576 -instance /home/zhouchen/test_client/instances/true.cnf -cutoff_time 40 ][score:1.0] 
[2023-12-27-08:19:43][COMPULSORY][Algorithm][SUCCESS][cmd: cd /home/zhouchen/test_client/PbO-CCSAT-master/PbO-CCSAT_object_oriented_version_source_code &&python wrapper.py -seed 925 -instance /home/zhouchen/test_client/instances/bin3.cnf -cutoff_time 40 ][score:1.0] 
[2023-12-27-08:19:43][COMPULSORY][Algorithm][SUCCESS][cmd: cd /home/zhouchen/test_client/PbO-CCSAT-master/PbO-CCSAT_object_oriented_version_source_code &&python wrapper.py -seed 925 -instance /home/zhouchen/test_client/instances/bin1.cnf -cutoff_time 40 ][score:1.0] 
[2023-12-27-08:19:43][COMPULSORY][Algorithm][SUCCESS][cmd: cd /home/zhouchen/test_client/PbO-CCSAT-master/PbO-CCSAT_object_oriented_version_source_code &&python wrapper.py -seed 925 -instance /home/zhouchen/test_client/instances/bin2.cnf -cutoff_time 40 ][score:1.0] 
[2023-12-27-08:19:43][COMPULSORY][Algorithm][SUCCESS][cmd: cd /home/zhouchen/test_client/PbO-CCSAT-master/PbO-CCSAT_object_oriented_version_source_code &&python wrapper.py -seed 925 -instance /home/zhouchen/test_client/instances/eq1.cnf -cutoff_time 40 ][score:1.0] 
[2023-12-27-08:19:43][COMPULSORY][Algorithm][SUCCESS][cmd: cd /home/zhouchen/test_client/PbO-CCSAT-master/PbO-CCSAT_object_oriented_version_source_code &&python wrapper.py -seed 925 -instance /home/zhouchen/test_client/instances/true.cnf -cutoff_time 40 ][score:1.0] 
[2023-12-27-08:19:44][COMPULSORY][Algorithm][SUCCESS][cmd: cd /home/zhouchen/test_client/PbO-CCSAT-master/PbO-CCSAT_object_oriented_version_source_code &&python wrapper.py -seed 732 -instance /home/zhouchen/test_client/instances/bin3.cnf -cutoff_time 40 ][score:1.0] 
[2023-12-27-08:19:44][COMPULSORY][Algorithm][SUCCESS][cmd: cd /home/zhouchen/test_client/PbO-CCSAT-master/PbO-CCSAT_object_oriented_version_source_code &&python wrapper.py -seed 732 -instance /home/zhouchen/test_client/instances/bin1.cnf -cutoff_time 40 ][score:1.0] 
[2023-12-27-08:19:44][COMPULSORY][Algorithm][SUCCESS][cmd: cd /home/zhouchen/test_client/PbO-CCSAT-master/PbO-CCSAT_object_oriented_version_source_code &&python wrapper.py -seed 732 -instance /home/zhouchen/test_client/instances/bin2.cnf -cutoff_time 40 ][score:1.0] 
[2023-12-27-08:19:44][COMPULSORY][Algorithm][SUCCESS][cmd: cd /home/zhouchen/test_client/PbO-CCSAT-master/PbO-CCSAT_object_oriented_version_source_code &&python wrapper.py -seed 732 -instance /home/zhouchen/test_client/instances/eq1.cnf -cutoff_time 40 ][score:1.0] 
[2023-12-27-08:19:44][COMPULSORY][Algorithm][SUCCESS][cmd: cd /home/zhouchen/test_client/PbO-CCSAT-master/PbO-CCSAT_object_oriented_version_source_code &&python wrapper.py -seed 732 -instance /home/zhouchen/test_client/instances/true.cnf -cutoff_time 40 ][score:1.0] 
